f:\projectdivacommand\projectdivacommand\projectdivacommand\debug\vc141.pdb
f:\projectdivacommand\projectdivacommand\projectdivacommand\debug\vc141.idb
f:\projectdivacommand\projectdivacommand\projectdivacommand\debug\main.obj
f:\projectdivacommand\projectdivacommand\projectdivacommand\debug\songsscanner.obj
f:\projectdivacommand\projectdivacommand\projectdivacommand\debug\launcher.obj
f:\projectdivacommand\projectdivacommand\projectdivacommand\debug\testaddedlib.obj
f:\projectdivacommand\projectdivacommand\projectdivacommand\debug\projectdivaexception.obj
f:\projectdivacommand\projectdivacommand\projectdivacommand\debug\md5file.obj
f:\projectdivacommand\projectdivacommand\projectdivacommand\debug\md5.obj
f:\projectdivacommand\projectdivacommand\projectdivacommand\debug\about.obj
f:\projectdivacommand\projectdivacommand\projectdivacommand\debug\charsetconverter.obj
f:\projectdivacommand\projectdivacommand\projectdivacommand\debug\savedatamanager.obj
f:\projectdivacommand\projectdivacommand\projectdivacommand\debug\lyricviewer.obj
f:\projectdivacommand\projectdivacommand\projectdivacommand\debug\songsplayer.obj
f:\projectdivacommand\projectdivacommand\projectdivacommand\debug\selectsongs.obj
f:\projectdivacommand\projectdivacommand\projectdivacommand\debug\mainwindow.obj
f:\projectdivacommand\projectdivacommand\projectdivacommand\debug\gameview.obj
f:\projectdivacommand\projectdivacommand\projectdivacommand\debug\soundsplayer.obj
f:\projectdivacommand\projectdivacommand\projectdivacommand\debug\view_welcome.obj
f:\projectdivacommand\projectdivacommand\projectdivacommand\debug\view_savedata.obj
f:\projectdivacommand\projectdivacommand\projectdivacommand\debug\drawer.obj
f:\projectdivacommand\projectdivacommand\projectdivacommand\debug\fake_controller.obj
f:\projectdivacommand\projectdivacommand\projectdivacommand\debug\view_rhythmgame.obj
f:\projectdivacommand\projectdivacommand\projectdivacommand\debug\cxboxcontroller.obj
f:\projectdivacommand\projectdivacommand\projectdivacommand\debug\view_ready.obj
f:\projectdivacommand\projectdivacommand\projectdivacommand\debug\ingame.obj
f:\projectdivacommand\projectdivacommand\projectdivacommand\debug\mapreader.obj
f:\projectdivacommand\projectdivacommand\debug\projectdivacommand.ilk
f:\projectdivacommand\projectdivacommand\debug\projectdivacommand.exe
f:\projectdivacommand\projectdivacommand\debug\projectdivacommand.pdb
f:\projectdivacommand\projectdivacommand\projectdivacommand\debug\projectdivacommand.res
f:\projectdivacommand\projectdivacommand\projectdivacommand\debug\songsscanner.obj.enc
f:\projectdivacommand\projectdivacommand\projectdivacommand\debug\nativecodeanalysis.read.1.tlog
f:\projectdivacommand\projectdivacommand\projectdivacommand\debug\about.nativecodeanalysis.xml
f:\projectdivacommand\projectdivacommand\projectdivacommand\debug\launcher.nativecodeanalysis.xml
f:\projectdivacommand\projectdivacommand\projectdivacommand\debug\main.nativecodeanalysis.xml
f:\projectdivacommand\projectdivacommand\projectdivacommand\debug\md5.nativecodeanalysis.xml
f:\projectdivacommand\projectdivacommand\projectdivacommand\debug\md5file.nativecodeanalysis.xml
f:\projectdivacommand\projectdivacommand\projectdivacommand\debug\projectdivaexception.nativecodeanalysis.xml
f:\projectdivacommand\projectdivacommand\projectdivacommand\debug\songsscanner.nativecodeanalysis.xml
f:\projectdivacommand\projectdivacommand\projectdivacommand\debug\testaddedlib.nativecodeanalysis.xml
f:\projectdivacommand\projectdivacommand\projectdivacommand\debug\vc.nativecodeanalysis.all.xml
f:\projectdivacommand\projectdivacommand\debug\projectdivacommand.exe.lastcodeanalysissucceeded
f:\projectdivacommand\projectdivacommand\projectdivacommand\debug\projectd.f5162809.tlog\cl.command.1.tlog
f:\projectdivacommand\projectdivacommand\projectdivacommand\debug\projectd.f5162809.tlog\cl.read.1.tlog
f:\projectdivacommand\projectdivacommand\projectdivacommand\debug\projectd.f5162809.tlog\cl.write.1.tlog
f:\projectdivacommand\projectdivacommand\projectdivacommand\debug\projectd.f5162809.tlog\link.command.1.tlog
f:\projectdivacommand\projectdivacommand\projectdivacommand\debug\projectd.f5162809.tlog\link.read.1.tlog
f:\projectdivacommand\projectdivacommand\projectdivacommand\debug\projectd.f5162809.tlog\link.write.1.tlog
f:\projectdivacommand\projectdivacommand\projectdivacommand\debug\projectd.f5162809.tlog\rc.command.1.tlog
f:\projectdivacommand\projectdivacommand\projectdivacommand\debug\projectd.f5162809.tlog\rc.read.1.tlog
f:\projectdivacommand\projectdivacommand\projectdivacommand\debug\projectd.f5162809.tlog\rc.write.1.tlog
